2025-07-20 12:27:00 | INFO | repo=auction | action=commit
2025-04-21 11:33:00 | DEBUG | repo=auction | action=test | passed=true
2025-02-26 12:01:00 | WARN | repo=auction | action=commit
2025-05-03 20:39:00 | INFO | repo=auction | action=commit
2025-10-20 12:52:00 | DEBUG | repo=auction | action=edit | files=4
2025-07-12 18:38:00 | INFO | repo=auction | action=commit
2025-04-10 14:55:00 | INFO | repo=auction | action=commit
2025-04-11 21:17:00 | WARN | repo=auction | action=commit
2025-04-04 18:14:00 | DEBUG | repo=auction | action=commit
2025-03-11 10:41:00 | DEBUG | repo=auction | action=commit
2025-11-11 19:18:00 | DEBUG | repo=auction | action=commit
2025-02-13 18:43:00 | INFO | repo=auction | action=test | passed=true
2025-09-17 08:32:00 | INFO | repo=auction | action=commit
2025-01-26 20:52:00 | INFO | repo=auction | action=commit
2025-10-07 14:43:00 | DEBUG | repo=auction | action=commit
2025-12-02 12:46:00 | INFO | repo=auction | action=pull
2025-01-12 13:09:00 | INFO | repo=auction | action=edit | files=5
2025-04-12 18:46:00 | INFO | repo=auction | action=commit
2025-08-18 19:41:00 | DEBUG | repo=auction | action=commit
2025-05-09 18:18:00 | DEBUG | repo=auction | action=pull
2025-08-15 13:33:00 | DEBUG | repo=auction | action=pull
2025-04-17 18:09:00 | WARN | repo=auction | action=commit
2025-08-20 07:20:00 | INFO | repo=auction | action=commit
2025-08-06 18:52:00 | DEBUG | repo=auction | action=commit
2025-08-04 12:45:00 | DEBUG | repo=auction | action=commit
2025-09-19 21:11:00 | INFO | repo=auction | action=commit
2025-04-07 21:17:00 | INFO | repo=auction | action=commit
2025-04-04 07:18:00 | INFO | repo=auction | action=commit
2025-04-01 21:50:00 | WARN | repo=auction | action=pull
2025-10-18 19:24:00 | DEBUG | repo=auction | action=commit
2025-11-25 13:14:00 | DEBUG | repo=auction | action=commit
2025-08-10 11:40:00 | INFO | repo=auction | action=edit | files=3
2025-04-28 21:31:00 | DEBUG | repo=auction | action=commit
2025-04-03 15:45:00 | WARN | repo=auction | action=test | passed=true
2025-12-28 09:16:00 | DEBUG | repo=auction | action=commit
2025-05-02 12:14:00 | DEBUG | repo=auction | action=commit
2025-03-18 09:37:00 | DEBUG | repo=auction | action=commit
2025-10-09 13:46:00 | WARN | repo=auction | action=commit
2025-01-17 18:57:00 | INFO | repo=auction | action=commit
2025-01-02 11:08:00 | INFO | repo=auction | action=commit
2025-05-13 21:06:00 | DEBUG | repo=auction | action=commit
2025-06-18 10:17:00 | DEBUG | repo=auction | action=commit
2025-01-04 19:24:00 | DEBUG | repo=auction | action=commit
2025-01-22 10:02:00 | WARN | repo=auction | action=commit
2025-02-06 14:46:00 | DEBUG | repo=auction | action=commit
2025-03-12 18:30:00 | WARN | repo=auction | action=commit
2025-05-02 07:06:00 | INFO | repo=auction | action=commit
2025-05-18 08:14:00 | INFO | repo=auction | action=commit
2025-04-27 21:18:00 | WARN | repo=auction | action=commit
2025-05-24 09:39:00 | DEBUG | repo=auction | action=commit
2025-06-18 09:55:00 | INFO | repo=auction | action=test | passed=true
2025-10-02 15:37:00 | DEBUG | repo=auction | action=commit
2025-09-25 10:33:00 | WARN | repo=auction | action=commit
2025-05-19 08:27:00 | INFO | repo=auction | action=commit
2025-05-27 14:12:00 | DEBUG | repo=auction | action=pull
2025-03-20 08:07:00 | WARN | repo=auction | action=commit
2025-06-28 11:43:00 | INFO | repo=auction | action=pull
2025-12-02 13:30:00 | INFO | repo=auction | action=commit
2025-04-08 17:05:00 | DEBUG | repo=auction | action=test | passed=true
2025-05-09 07:23:00 | WARN | repo=auction | action=commit
2025-10-02 13:53:00 | INFO | repo=auction | action=commit
